Using pre-set license
Built from '2020.2/release' branch; Version is '2020.2.2f1 (068178b99f32) revision 426360'; Using compiler version '192528614'; Build Type 'Release'
OS: 'Windows 10 Home; OS build 18363.1556; Version 1909; 64bit' Language: 'en' Physical Memory: 16323 MB
BatchMode: 1, IsHumanControllingUs: 0, StartBugReporterOnCrash: 0, Is64bit: 1, IsPro: 0

 COMMAND LINE ARGUMENTS:
C:\Program Files\Unity\Hub\Editor\2020.2.2f1\Editor\Unity.exe
-adb2
-batchMode
-noUpm
-name
AssetImportWorker0
-projectPath
F:/Project/Genshin Impact Gacha Simulator
-logFile
Logs/AssetImportWorker0.log
-srvPort
57741
Successfully changed project path to: F:/Project/Genshin Impact Gacha Simulator
F:/Project/Genshin Impact Gacha Simulator
Using Asset Import Pipeline V2.
Refreshing native plugins compatible for Editor in 47.15 ms, found 0 plugins.
Preloading 0 native plugins for Editor in 0.00 ms.
Initialize engine version: 2020.2.2f1 (068178b99f32)
[Subsystems] Discovering subsystems at path C:/Program Files/Unity/Hub/Editor/2020.2.2f1/Editor/Data/Resources/UnitySubsystems
[Subsystems] Discovering subsystems at path F:/Project/Genshin Impact Gacha Simulator/Assets
GfxDevice: creating device client; threaded=0
Direct3D:
    Version:  Direct3D 11.0 [level 11.1]
    Renderer: NVIDIA GeForce RTX 2080 Ti (ID=0x1e04)
    Vendor:   
    VRAM:     11048 MB
    Driver:   27.21.14.5671
Initialize mono
Mono path[0] = 'C:/Program Files/Unity/Hub/Editor/2020.2.2f1/Editor/Data/Managed'
Mono path[1] = 'C:/Program Files/Unity/Hub/Editor/2020.2.2f1/Editor/Data/MonoBleedingEdge/lib/mono/unityjit'
Mono config path = 'C:/Program Files/Unity/Hub/Editor/2020.2.2f1/Editor/Data/MonoBleedingEdge/etc'
Using monoOptions --debugger-agent=transport=dt_socket,embedding=1,server=y,suspend=n,address=127.0.0.1:56592
Begin MonoManager ReloadAssembly
Registering precompiled unity dll's ...
Register platform support module: C:/Program Files/Unity/Hub/Editor/2020.2.2f1/Editor/Data/PlaybackEngines/WindowsStandaloneSupport/UnityEditor.WindowsStandalone.Extensions.dll
Registered in 0.002276 seconds.
Native extension for WindowsStandalone target not found
Refreshing native plugins compatible for Editor in 31.19 ms, found 0 plugins.
Preloading 0 native plugins for Editor in 0.00 ms.
Invoked RoslynAnalysisRunner static constructor.
RoslynAnalysisRunner will not be running.
RoslynAnalysisRunner has terminated.
Mono: successfully reloaded assembly
- Completed reload, in  1.419 seconds
Platform modules already initialized, skipping
Registering precompiled user dll's ...
Registered in 0.000511 seconds.
Begin MonoManager ReloadAssembly
Native extension for WindowsStandalone target not found
Refreshing native plugins compatible for Editor in 0.27 ms, found 0 plugins.
Preloading 0 native plugins for Editor in 0.00 ms.
Invoked RoslynAnalysisRunner static constructor.
RoslynAnalysisRunner will not be running.
RoslynAnalysisRunner has terminated.
Mono: successfully reloaded assembly
- Completed reload, in  1.134 seconds
Platform modules already initialized, skipping
========================================================================
Worker process is ready to serve import requests
Launched and connected shader compiler UnityShaderCompiler.exe after 0.06 seconds
Refreshing native plugins compatible for Editor in 0.24 ms, found 0 plugins.
Preloading 0 native plugins for Editor in 0.00 ms.
Unloading 1104 Unused Serialized files (Serialized files now loaded: 0)
System memory in use before: 57.0 MB.
System memory in use after: 57.1 MB.

Unloading 10 unused Assets to reduce memory usage. Loaded Objects now: 1548.
Total: 3.451200 ms (FindLiveObjects: 0.190800 ms CreateObjectMapping: 0.048500 ms MarkObjects: 3.010500 ms  DeleteObjects: 0.199600 ms)

========================================================================
Received Import Request.
  path: Assets/Scripts/Gacha.cs
  artifactKey: Guid(a2e77d120e12ae64d8fd53dd44698702) Importer(815301076,1909f56bfc062723c751e8b465ee728b)
Start importing Assets/Scripts/Gacha.cs using Guid(a2e77d120e12ae64d8fd53dd44698702) Importer(815301076,1909f56bfc062723c751e8b465ee728b)  -> (artifact id: 'e6739a26eec05a9a9d5f87ea1a1b0be4') in 1.044570 seconds
  Import took 1.064471 seconds .

========================================================================
Received Prepare
Refreshing native plugins compatible for Editor in 1.21 ms, found 0 plugins.
Preloading 0 native plugins for Editor in 0.00 ms.
Unloading 3 Unused Serialized files (Serialized files now loaded: 0)
System memory in use before: 35.2 MB.
System memory in use after: 35.3 MB.

Unloading 3 unused Assets to reduce memory usage. Loaded Objects now: 1548.
Total: 1.370400 ms (FindLiveObjects: 0.114100 ms CreateObjectMapping: 0.034200 ms MarkObjects: 1.178900 ms  DeleteObjects: 0.042200 ms)

========================================================================
Received Import Request.
  Time since last request: 58.152154 seconds.
  path: Assets/Resources/Icons/Characters/Character_Kazuha_Thumb.png
  artifactKey: Guid(d9b5217963af7bc44a3fcd709dabb556) Importer(815301076,1909f56bfc062723c751e8b465ee728b)
Start importing Assets/Resources/Icons/Characters/Character_Kazuha_Thumb.png using Guid(d9b5217963af7bc44a3fcd709dabb556) Importer(815301076,1909f56bfc062723c751e8b465ee728b)  -> (artifact id: '0dd4f1ae4ca1d56f6109c675d2b0e021') in 0.152187 seconds
  Import took 0.172063 seconds .

========================================================================
Received Import Request.
  Time since last request: 16.040713 seconds.
  path: Assets/Resources/Icons/Characters/Character_Ayaka_Thumb.png
  artifactKey: Guid(f7eb717dcd7d3d74780cc304ae5e6b06) Importer(815301076,1909f56bfc062723c751e8b465ee728b)
Start importing Assets/Resources/Icons/Characters/Character_Ayaka_Thumb.png using Guid(f7eb717dcd7d3d74780cc304ae5e6b06) Importer(815301076,1909f56bfc062723c751e8b465ee728b)  -> (artifact id: '345ad3f40e47082400850f44da21a439') in 0.014959 seconds
  Import took 0.031364 seconds .

========================================================================
Received Prepare
Registering precompiled user dll's ...
Registered in 0.001210 seconds.
Begin MonoManager ReloadAssembly
Native extension for WindowsStandalone target not found
Refreshing native plugins compatible for Editor in 0.23 ms, found 0 plugins.
Preloading 0 native plugins for Editor in 0.00 ms.
Invoked RoslynAnalysisRunner static constructor.
RoslynAnalysisRunner will not be running.
RoslynAnalysisRunner has terminated.
Mono: successfully reloaded assembly
- Completed reload, in  0.803 seconds
Platform modules already initialized, skipping
Refreshing native plugins compatible for Editor in 0.27 ms, found 0 plugins.
Preloading 0 native plugins for Editor in 0.00 ms.
Unloading 1099 Unused Serialized files (Serialized files now loaded: 0)
System memory in use before: 60.3 MB.
System memory in use after: 60.3 MB.

Unloading 5 unused Assets to reduce memory usage. Loaded Objects now: 1556.
Total: 1.599100 ms (FindLiveObjects: 0.125700 ms CreateObjectMapping: 0.045100 ms MarkObjects: 1.374800 ms  DeleteObjects: 0.052600 ms)

========================================================================
Received Import Request.
  Time since last request: 164.412279 seconds.
  path: Assets/Resources/Icons/Characters/Character_Sayu_Thumb.png
  artifactKey: Guid(45cffa252fc31e34caf46ec87d35a491) Importer(815301076,1909f56bfc062723c751e8b465ee728b)
Start importing Assets/Resources/Icons/Characters/Character_Sayu_Thumb.png using Guid(45cffa252fc31e34caf46ec87d35a491) Importer(815301076,1909f56bfc062723c751e8b465ee728b)  -> (artifact id: 'afd1d6f6bf976c90f2602aaa7a4f2f01') in 0.043278 seconds
  Import took 0.047250 seconds .

========================================================================
Received Import Request.
  Time since last request: 5.027979 seconds.
  path: Assets/Resources/Icons/Characters/Character_Sayu_Thumb.png
  artifactKey: Guid(45cffa252fc31e34caf46ec87d35a491) Importer(815301076,1909f56bfc062723c751e8b465ee728b)
Start importing Assets/Resources/Icons/Characters/Character_Sayu_Thumb.png using Guid(45cffa252fc31e34caf46ec87d35a491) Importer(815301076,1909f56bfc062723c751e8b465ee728b)  -> (artifact id: '694d5deea3156dd48e7b80e60363943d') in 0.030187 seconds
  Import took 0.044274 seconds .

========================================================================
Received Prepare
Registering precompiled user dll's ...
Registered in 0.000535 seconds.
Begin MonoManager ReloadAssembly
Native extension for WindowsStandalone target not found
Refreshing native plugins compatible for Editor in 0.50 ms, found 0 plugins.
Preloading 0 native plugins for Editor in 0.00 ms.
Invoked RoslynAnalysisRunner static constructor.
RoslynAnalysisRunner will not be running.
RoslynAnalysisRunner has terminated.
Mono: successfully reloaded assembly
- Completed reload, in  0.887 seconds
Platform modules already initialized, skipping
Refreshing native plugins compatible for Editor in 0.28 ms, found 0 plugins.
Preloading 0 native plugins for Editor in 0.00 ms.
Unloading 1099 Unused Serialized files (Serialized files now loaded: 0)
System memory in use before: 60.5 MB.
System memory in use after: 60.5 MB.

Unloading 5 unused Assets to reduce memory usage. Loaded Objects now: 1559.
Total: 2.073300 ms (FindLiveObjects: 0.164300 ms CreateObjectMapping: 0.061900 ms MarkObjects: 1.734900 ms  DeleteObjects: 0.110800 ms)

========================================================================
Received Prepare
Refreshing native plugins compatible for Editor in 0.86 ms, found 0 plugins.
Preloading 0 native plugins for Editor in 0.00 ms.
Unloading 3 Unused Serialized files (Serialized files now loaded: 0)
System memory in use before: 38.8 MB.
System memory in use after: 38.9 MB.

Unloading 3 unused Assets to reduce memory usage. Loaded Objects now: 1559.
Total: 2.406000 ms (FindLiveObjects: 0.163400 ms CreateObjectMapping: 0.070200 ms MarkObjects: 2.114300 ms  DeleteObjects: 0.056800 ms)

AssetImportWorkerClient::OnTransportError - code=2 error=End of file
